<?xml version="1.0" encoding="UTF-8"?>
<testsuites name="jest tests" tests="2" failures="0" errors="0" time="2.326">
  <testsuite name="ClaimTotals" errors="0" failures="0" skipped="0" timestamp="2022-09-26T12:07:59" time="1.716" tests="2">
    <testcase classname="ClaimTotals should display the right percentage per claimant" name="ClaimTotals should display the right percentage per claimant" time="0.031" file="__tests__/Claim/ClaimTotals.test.js">
    </testcase>
    <testcase classname="ClaimTotals should display the right value per claimant" name="ClaimTotals should display the right value per claimant" time="0.006" file="__tests__/Claim/ClaimTotals.test.js">
    </testcase>
  </testsuite>
</testsuites>