<?xml version="1.0" encoding="UTF-8"?>
<testsuites name="jest tests" tests="1" failures="0" errors="0" time="2.337">
  <testsuite name="ManageTokenList" errors="0" failures="0" skipped="0" timestamp="2022-09-26T14:49:35" time="1.682" tests="1">
    <testcase classname="ManageTokenList should render ManageTokenList" name="ManageTokenList should render ManageTokenList" time="0.05" file="__tests__/Fund/ManageTokenList.test.js">
    </testcase>
  </testsuite>
</testsuites>