<?xml version="1.0" encoding="UTF-8"?>
<testsuites name="jest tests" tests="12" failures="1" errors="0" time="10.869">
  <testsuite name="ClaimTotals" errors="0" failures="0" skipped="0" timestamp="2022-09-27T17:11:49" time="7.743" tests="2">
    <testcase classname="ClaimTotals should display the right percentage per claimant" name="ClaimTotals should display the right percentage per claimant" time="0.267" file="__tests__/Claim/ClaimTotals.test.js">
    </testcase>
    <testcase classname="ClaimTotals should display the right value per claimant" name="ClaimTotals should display the right value per claimant" time="0.012" file="__tests__/Claim/ClaimTotals.test.js">
    </testcase>
  </testsuite>
  <testsuite name="Carousel" errors="0" failures="0" skipped="0" timestamp="2022-09-27T17:11:49" time="8.8" tests="1">
    <testcase classname="Carousel should display repo name and title" name="Carousel should display repo name and title" time="0.696" file="__tests__/Utils/Carousel.test.js">
    </testcase>
  </testsuite>
  <testsuite name="BountyMetadata" errors="0" failures="0" skipped="0" timestamp="2022-09-27T17:11:49" time="8.926" tests="1">
    <testcase classname="BountyMetadata should render Bounty heading" name="BountyMetadata should render Bounty heading" time="0.395" file="__tests__/Bounty/BountyMetadata.test.js">
    </testcase>
  </testsuite>
  <testsuite name="ClaimLoadingModal" errors="0" failures="0" skipped="0" timestamp="2022-09-27T17:11:49" time="9.084" tests="5">
    <testcase classname="ClaimLoadingModal should display checking elgibility" name="ClaimLoadingModal should display checking elgibility" time="0.316" file="__tests__/Fund/ApproveFundModal.test.js">
    </testcase>
    <testcase classname="ClaimLoadingModal should display confirm state of modal and let user trigger state change" name="ClaimLoadingModal should display confirm state of modal and let user trigger state change" time="0.378" file="__tests__/Fund/ApproveFundModal.test.js">
    </testcase>
    <testcase classname="ClaimLoadingModal should display transfer state" name="ClaimLoadingModal should display transfer state" time="0.135" file="__tests__/Fund/ApproveFundModal.test.js">
    </testcase>
    <testcase classname="ClaimLoadingModal should display approve state" name="ClaimLoadingModal should display approve state" time="0.052" file="__tests__/Fund/ApproveFundModal.test.js">
    </testcase>
    <testcase classname="ClaimLoadingModal should display error state" name="ClaimLoadingModal should display error state" time="0.023" file="__tests__/Fund/ApproveFundModal.test.js">
    </testcase>
  </testsuite>
  <testsuite name="ClaimPerToken" errors="0" failures="1" skipped="0" timestamp="2022-09-27T17:11:49" time="9.126" tests="3">
    <testcase classname="ClaimPerToken should display the right volume per claimant and token" name="ClaimPerToken should display the right volume per claimant and token" time="1.181" file="__tests__/Claim/ClaimPerToken.test.js">
      <failure>Error: Unable to find an element with the text: /469.0/. This could be because the text is broken up by multiple elements. In this case, you can provide a function for your text matcher to make your matcher more flexible.

Ignored nodes: comments, script, style
&lt;body&gt;
  &lt;div&gt;
    &lt;div
      class=&quot;flex px-2 pb-2 w-full&quot;
    &gt;
      &lt;div
        class=&quot;px-2 pb-2&quot;
      &gt;
        &lt;div
          class=&quot;flex justify-end w-12&quot;
        &gt;
          700.0
        &lt;/div&gt;
      &lt;/div&gt;
      &lt;div
        class=&quot;px-2 pb-2&quot;
      &gt;
        &lt;div
          class=&quot;flex justify-end w-12&quot;
        &gt;
          70
           %
        &lt;/div&gt;
      &lt;/div&gt;
      &lt;div
        class=&quot;px-2 pb-2&quot;
      &gt;
        &lt;div
          class=&quot;flex justify-end text-right w-20&quot;
        &gt;
          $NaN
        &lt;/div&gt;
      &lt;/div&gt;
    &lt;/div&gt;
  &lt;/div&gt;
&lt;/body&gt;
    at waitForWrapper (/Users/alo/OpenQ-Fullstack/OpenQ-Frontend/node_modules/@testing-library/dom/dist/wait-for.js:187:27)
    at findByText (/Users/alo/OpenQ-Fullstack/OpenQ-Frontend/node_modules/@testing-library/dom/dist/query-helpers.js:101:33)
    at Object.&lt;anonymous&gt; (/Users/alo/OpenQ-Fullstack/OpenQ-Frontend/__tests__/Claim/ClaimPerToken.test.js:647:36)
    at Promise.then.completed (/Users/alo/OpenQ-Fullstack/OpenQ-Frontend/node_modules/jest-circus/build/utils.js:391:28)
    at new Promise (&lt;anonymous&gt;)
    at callAsyncCircusFn (/Users/alo/OpenQ-Fullstack/OpenQ-Frontend/node_modules/jest-circus/build/utils.js:316:10)
    at _callCircusTest (/Users/alo/OpenQ-Fullstack/OpenQ-Frontend/node_modules/jest-circus/build/run.js:218:40)
    at processTicksAndRejections (node:internal/process/task_queues:96:5)
    at _runTest (/Users/alo/OpenQ-Fullstack/OpenQ-Frontend/node_modules/jest-circus/build/run.js:155:3)
    at _runTestsForDescribeBlock (/Users/alo/OpenQ-Fullstack/OpenQ-Frontend/node_modules/jest-circus/build/run.js:66:9)
    at _runTestsForDescribeBlock (/Users/alo/OpenQ-Fullstack/OpenQ-Frontend/node_modules/jest-circus/build/run.js:60:9)
    at run (/Users/alo/OpenQ-Fullstack/OpenQ-Frontend/node_modules/jest-circus/build/run.js:25:3)
    at runAndTransformResultsToJestFormat (/Users/alo/OpenQ-Fullstack/OpenQ-Frontend/node_modules/jest-circus/build/legacy-code-todo-rewrite/jestAdapterInit.js:170:21)
    at jestAdapter (/Users/alo/OpenQ-Fullstack/OpenQ-Frontend/node_modules/jest-circus/build/legacy-code-todo-rewrite/jestAdapter.js:82:19)
    at runTestInternal (/Users/alo/OpenQ-Fullstack/OpenQ-Frontend/node_modules/jest-runner/build/runTest.js:389:16)
    at runTest (/Users/alo/OpenQ-Fullstack/OpenQ-Frontend/node_modules/jest-runner/build/runTest.js:475:34)
    at Object.worker (/Users/alo/OpenQ-Fullstack/OpenQ-Frontend/node_modules/jest-runner/build/testWorker.js:133:12)</failure>
    </testcase>
    <testcase classname="ClaimPerToken should display the right percentage per claimant and token" name="ClaimPerToken should display the right percentage per claimant and token" time="0.05" file="__tests__/Claim/ClaimPerToken.test.js">
    </testcase>
    <testcase classname="ClaimPerToken should display the right value per claimant and token" name="ClaimPerToken should display the right value per claimant and token" time="0.078" file="__tests__/Claim/ClaimPerToken.test.js">
    </testcase>
  </testsuite>
</testsuites>